[2025-12-18T11:36:08.314] [ERROR] error - TypeError: Cannot read properties of undefined (reading 'trim')
    at Validate.nullCheck (D:\Web\agent\Agent-node\validate\index.js:4:13)
    at wxLogin (D:\Web\agent\Agent-node\controller\user.js:6:20)
    at dispatch (D:\Web\agent\Agent-node\node_modules\koa-compose\index.js:42:32)
    at D:\Web\agent\Agent-node\node_modules\@koa\router\dist\index.js:958:18
    at dispatch (D:\Web\agent\Agent-node\node_modules\koa-compose\index.js:42:32)
    at D:\Web\agent\Agent-node\node_modules\koa-compose\index.js:34:12
    at Router.<anonymous> (D:\Web\agent\Agent-node\node_modules\@koa\router\dist\index.js:890:62)
    at dispatch (D:\Web\agent\Agent-node\node_modules\koa-compose\index.js:42:32)
    at errorHandler (D:\Web\agent\Agent-node\config\errorhandler.js:5:11)
    at dispatch (D:\Web\agent\Agent-node\node_modules\koa-compose\index.js:42:32)
[2025-12-18T11:40:04.085] [ERROR] error - { msg: '用户名不能为空', code: 422 }
[2025-12-18T11:41:39.030] [ERROR] error - TypeError: Cannot read properties of undefined (reading 'trim')
    at Validate.nullCheck (D:\Web\agent\Agent-node\validate\index.js:4:13)
    at wxLogin (D:\Web\agent\Agent-node\controller\user.js:6:20)
    at dispatch (D:\Web\agent\Agent-node\node_modules\koa-compose\index.js:42:32)
    at D:\Web\agent\Agent-node\node_modules\@koa\router\dist\index.js:958:18
    at dispatch (D:\Web\agent\Agent-node\node_modules\koa-compose\index.js:42:32)
    at D:\Web\agent\Agent-node\node_modules\koa-compose\index.js:34:12
    at Router.<anonymous> (D:\Web\agent\Agent-node\node_modules\@koa\router\dist\index.js:890:62)
    at dispatch (D:\Web\agent\Agent-node\node_modules\koa-compose\index.js:42:32)
    at errorHandler (D:\Web\agent\Agent-node\config\errorhandler.js:5:11)
    at dispatch (D:\Web\agent\Agent-node\node_modules\koa-compose\index.js:42:32)
[2025-12-18T11:43:32.900] [ERROR] error - { msg: '用户名不能为空', code: 422 }
[2025-12-18T11:44:17.295] [ERROR] error - { msg: '用户名不能为空', code: 422 }
[2025-12-18T11:49:30.763] [ERROR] error - { msg: 'name字段必填', code: 400, validate: null }
[2025-12-18T11:50:21.442] [ERROR] error - { msg: '年龄不能为空', code: 422, validate: null }
[2025-12-18T11:50:26.893] [ERROR] error - { msg: 'age字段必填', code: 400, validate: null }
[2025-12-18T15:44:26.894] [ERROR] error - { msg: '用户名不能为空', code: 422, validate: null }
[2025-12-18T15:51:38.281] [ERROR] error - { msg: 'age字段必填', code: 400, validate: null }
[2025-12-18T18:07:22.648] [ERROR] error - TypeError: completion is not async iterable
    at chatMessage (D:\Web\agent\Agent-node\controller\chat.js:33:31)
    at process.processTicksAndRejections (node:internal/process/task_queues:95:5)
    at async errorHandler (D:\Web\agent\Agent-node\config\errorhandler.js:5:5)
    at async responsseHandler (D:\Web\agent\Agent-node\config\result.js:18:3)
    at async cors (D:\Web\agent\Agent-node\node_modules\@koa\cors\index.js:109:16)
    at async bodyParser (D:\Web\agent\Agent-node\node_modules\koa-bodyparser\index.js:78:5)
[2025-12-18T18:07:40.013] [ERROR] error - TypeError: completion is not async iterable
    at chatMessage (D:\Web\agent\Agent-node\controller\chat.js:33:31)
    at process.processTicksAndRejections (node:internal/process/task_queues:95:5)
    at async errorHandler (D:\Web\agent\Agent-node\config\errorhandler.js:5:5)
    at async responsseHandler (D:\Web\agent\Agent-node\config\result.js:18:3)
    at async cors (D:\Web\agent\Agent-node\node_modules\@koa\cors\index.js:109:16)
    at async bodyParser (D:\Web\agent\Agent-node\node_modules\koa-bodyparser\index.js:78:5)
[2025-12-18T18:08:00.723] [ERROR] error - TypeError: completion is not async iterable
    at chatMessage (D:\Web\agent\Agent-node\controller\chat.js:33:31)
    at process.processTicksAndRejections (node:internal/process/task_queues:95:5)
    at async errorHandler (D:\Web\agent\Agent-node\config\errorhandler.js:5:5)
    at async responsseHandler (D:\Web\agent\Agent-node\config\result.js:18:3)
    at async cors (D:\Web\agent\Agent-node\node_modules\@koa\cors\index.js:109:16)
    at async bodyParser (D:\Web\agent\Agent-node\node_modules\koa-bodyparser\index.js:78:5)
[2025-12-18T21:03:31.378] [ERROR] error - SyntaxError: Unterminated string in JSON at position 10
    at JSON.parse (<anonymous>)
    at chatMessage (D:\Web\agent\Agent-node\controller\chat.js:78:22)
    at process.processTicksAndRejections (node:internal/process/task_queues:95:5)
    at async errorHandler (D:\Web\agent\Agent-node\config\errorhandler.js:5:5)
    at async responsseHandler (D:\Web\agent\Agent-node\config\result.js:18:3)
    at async cors (D:\Web\agent\Agent-node\node_modules\@koa\cors\index.js:109:16)
    at async bodyParser (D:\Web\agent\Agent-node\node_modules\koa-bodyparser\index.js:78:5)
[2025-12-18T21:45:35.278] [ERROR] error - SyntaxError: Unterminated string in JSON at position 10
    at JSON.parse (<anonymous>)
    at chatMessage (D:\Web\agent\Agent-node\controller\chat.js:77:22)
    at process.processTicksAndRejections (node:internal/process/task_queues:95:5)
    at async errorHandler (D:\Web\agent\Agent-node\config\errorhandler.js:5:5)
    at async responsseHandler (D:\Web\agent\Agent-node\config\result.js:18:3)
    at async cors (D:\Web\agent\Agent-node\node_modules\@koa\cors\index.js:109:16)
    at async bodyParser (D:\Web\agent\Agent-node\node_modules\koa-bodyparser\index.js:78:5)
